2025-11-24 21:02:09,666 | INFO | Logging to ISIC2019/isic_vit_binary_224/seed_0/train.log
2025-11-24 21:02:09,666 | INFO | Experiment root = ISIC2019/isic_vit_binary_224
2025-11-24 21:02:09,666 | INFO | Seed directory  = ISIC2019/isic_vit_binary_224/seed_0
2025-11-24 21:02:10,208 | INFO | Dataloaders created with keys: ['train', 'val', 'test']
2025-11-24 21:02:10,208 | INFO | #train batches per epoch: 1
2025-11-24 21:02:10,208 | INFO | #val batches per epoch:   1
2025-11-24 21:02:10,208 | INFO | #test batches per epoch:  1
2025-11-24 21:02:22,998 | INFO | First train batch pixel_values.shape = torch.Size([18, 3, 224, 224])
2025-11-24 21:02:22,999 | INFO | First train batch labels.shape       = torch.Size([18])
2025-11-24 21:02:22,999 | INFO | pixel_values dtype = torch.float32, device = cpu
2025-11-24 21:02:22,999 | INFO | labels dtype       = torch.int64, device = cpu
2025-11-24 21:02:22,999 | INFO | num_classes (data) = 9
2025-11-24 21:02:23,000 | INFO | num_classes (cfg)  = 9
2025-11-24 21:02:23,716 | INFO | Model built from config:
2025-11-24 21:02:23,716 | INFO | VisionTransformerWithHead
2025-11-24 21:02:23,717 | INFO | Lightning task         = single_label_classification
2025-11-24 21:02:23,717 | INFO | Lightning output_dir   = ISIC2019/isic_vit_binary_224/seed_0
2025-11-24 21:02:23,717 | INFO | Lightning experiment_name set to empty string for flat structure.
2025-11-24 21:02:23,719 | INFO | TensorBoard / CSV logs will be in: ISIC2019/isic_vit_binary_224/seed_0
2025-11-24 21:02:23,720 | INFO | Checkpoints will be saved under: ISIC2019/isic_vit_binary_224/seed_0/checkpoints
2025-11-24 21:02:23,720 | INFO | use_gpu = False
2025-11-24 21:02:23,957 | INFO | Starting training...
2025-11-24 21:03:33,643 | INFO | Starting test...
2025-11-24 21:03:55,636 | INFO | Training script finished.
